<?xml version="1.0" encoding="UTF-8"?>
<!-- Generated by org.testng.reporters.JUnitReportReporter -->
<testsuite hostname="Gnanamanideep" failures="0" tests="1" name="com.qa.carmax.tests.NewTest" time="0.010" errors="0" timestamp="2023-04-05T12:18:59 EDT" skipped="0">
  <testcase classname="com.qa.carmax.tests.NewTest" name="f" time="0.010"/>
  <system-out/>
</testsuite> <!-- com.qa.carmax.tests.NewTest -->
