<?xml version="1.0" encoding="UTF-8"?>
<!-- Generated by org.testng.reporters.JUnitReportReporter -->
<testsuite hostname="Gnanamanideep" failures="0" tests="1" name="com.qa.carmax.tests.MainPageTests" time="7.926" errors="0" timestamp="2023-04-05T20:05:54 EDT" skipped="0">
  <testcase classname="com.qa.carmax.tests.MainPageTests" name="profileSignupHoverTest" time="7.926"/>
  <system-out/>
</testsuite> <!-- com.qa.carmax.tests.MainPageTests -->
